Starting ProjectAdmin as andrea
/home/andrea/ProjectAdmin/bin/gunicorn_start: line 15: cd: ../ProjectAdmin/PMI/: No such file or directory
/home/andrea/ProjectAdmin/bin/gunicorn_start: line 16: ../bin/activate: No such file or directory
mkdir: cannot create directory ‘../ProjectAdmin’: Permission denied
unix
/home/andrea/ProjectAdmin/bin/gunicorn_start: line 26: /../bin/gunicorn: No such file or directory
Starting ProjectAdmin as andrea
/home/andrea/ProjectAdmin/bin/gunicorn_start: line 15: cd: ../ProjectAdmin/PMI/: No such file or directory
/home/andrea/ProjectAdmin/bin/gunicorn_start: line 16: ../bin/activate: No such file or directory
mkdir: cannot create directory ‘../ProjectAdmin’: Permission denied
unix
/home/andrea/ProjectAdmin/bin/gunicorn_start: line 26: /../bin/gunicorn: No such file or directory
Starting ProjectAdmin as andrea
/home/andrea/ProjectAdmin/bin/gunicorn_start: line 15: cd: ../ProjectAdmin/PMI/: No such file or directory
/home/andrea/ProjectAdmin/bin/gunicorn_start: line 16: ../bin/activate: No such file or directory
mkdir: cannot create directory ‘../ProjectAdmin’: Permission denied
unix
/home/andrea/ProjectAdmin/bin/gunicorn_start: line 26: /../bin/gunicorn: No such file or directory
Starting ProjectAdmin as andrea
/home/andrea/ProjectAdmin/bin/gunicorn_start: line 15: cd: ../ProjectAdmin/PMI/: No such file or directory
/home/andrea/ProjectAdmin/bin/gunicorn_start: line 16: ../bin/activate: No such file or directory
mkdir: cannot create directory ‘../ProjectAdmin’: Permission denied
unix
/home/andrea/ProjectAdmin/bin/gunicorn_start: line 26: /../bin/gunicorn: No such file or directory
Starting ProjectAdmin as andrea
/home/andrea/ProjectAdmin/bin/gunicorn_start: line 15: cd: ../ProjectAdmin/PMI/: No such file or directory
/home/andrea/ProjectAdmin/bin/gunicorn_start: line 16: ../bin/activate: No such file or directory
mkdir: cannot create directory ‘../ProjectAdmin’: Permission denied
unix
/home/andrea/ProjectAdmin/bin/gunicorn_start: line 26: /../bin/gunicorn: No such file or directory
Starting ProjectAdmin as andrea
/home/andrea/ProjectAdmin/bin/gunicorn_start: line 15: cd: ../ProjectAdmin/PMI/: No such file or directory
/home/andrea/ProjectAdmin/bin/gunicorn_start: line 16: ../bin/activate: No such file or directory
mkdir: cannot create directory ‘../ProjectAdmin’: Permission denied
unix
/home/andrea/ProjectAdmin/bin/gunicorn_start: line 26: /../bin/gunicorn: No such file or directory
Starting ProjectAdmin as andrea
/home/andrea/ProjectAdmin/bin/gunicorn_start: line 15: cd: ../ProjectAdmin/PMI/: No such file or directory
/home/andrea/ProjectAdmin/bin/gunicorn_start: line 16: ../bin/activate: No such file or directory
mkdir: cannot create directory ‘../ProjectAdmin’: Permission denied
unix
/home/andrea/ProjectAdmin/bin/gunicorn_start: line 26: /../bin/gunicorn: No such file or directory
Starting ProjectAdmin as andrea
/home/andrea/ProjectAdmin/bin/gunicorn_start: line 15: cd: ../ProjectAdmin/PMI/: No such file or directory
/home/andrea/ProjectAdmin/bin/gunicorn_start: line 16: ../bin/activate: No such file or directory
mkdir: cannot create directory ‘../ProjectAdmin’: Permission denied
unix
/home/andrea/ProjectAdmin/bin/gunicorn_start: line 26: /../bin/gunicorn: No such file or directory
Starting ProjectAdmin as andrea
/home/andrea/ProjectAdmin/bin/gunicorn_start: line 15: cd: ../ProjectAdmin/PMI/: No such file or directory
/home/andrea/ProjectAdmin/bin/gunicorn_start: line 16: ../bin/activate: No such file or directory
mkdir: cannot create directory ‘../ProjectAdmin’: Permission denied
unix
/home/andrea/ProjectAdmin/bin/gunicorn_start: line 26: /../bin/gunicorn: No such file or directory
Starting ProjectAdmin as andrea
/home/andrea/ProjectAdmin/bin/gunicorn_start: line 15: cd: ../ProjectAdmin/PMI/: No such file or directory
/home/andrea/ProjectAdmin/bin/gunicorn_start: line 16: ../bin/activate: No such file or directory
mkdir: cannot create directory ‘../ProjectAdmin’: Permission denied
unix
/home/andrea/ProjectAdmin/bin/gunicorn_start: line 26: /../bin/gunicorn: No such file or directory
Starting ProjectAdmin as andrea
/home/andrea/ProjectAdmin/bin/gunicorn_start: line 15: cd: ../ProjectAdmin/PMI/: No such file or directory
/home/andrea/ProjectAdmin/bin/gunicorn_start: line 16: ../bin/activate: No such file or directory
mkdir: cannot create directory ‘../ProjectAdmin’: Permission denied
unix
/home/andrea/ProjectAdmin/bin/gunicorn_start: line 26: /../bin/gunicorn: No such file or directory
Starting ProjectAdmin as andrea
/home/andrea/ProjectAdmin/bin/gunicorn_start: line 15: cd: ../ProjectAdmin/PMI/: No such file or directory
/home/andrea/ProjectAdmin/bin/gunicorn_start: line 16: ../bin/activate: No such file or directory
mkdir: cannot create directory ‘../ProjectAdmin’: Permission denied
unix
/home/andrea/ProjectAdmin/bin/gunicorn_start: line 26: /../bin/gunicorn: No such file or directory
